<?xml version="1.0" encoding="UTF-8"?>
<!-- Generated by org.testng.reporters.JUnitReportReporter -->
<testsuite skipped="0" hostname="LAPTOP-9U5GD5U2" name="qaclickacademy.mavenjava.RestAssuredTest" tests="1" failures="0" timestamp="2020-07-20T10:13:45 IST" time="0.008" errors="0">
  <testcase name="apiTesting" time="0.008" classname="qaclickacademy.mavenjava.RestAssuredTest"/>
  <system-out/>
</testsuite> <!-- qaclickacademy.mavenjava.RestAssuredTest -->
