<?xml version="1.0" encoding="UTF-8"?>
<!-- Generated by org.testng.reporters.JUnitReportReporter -->
<testsuite skipped="0" hostname="LAPTOP-9U5GD5U2" name="qaclickacademy.mavenjava.AppiumTest" tests="1" failures="0" timestamp="2020-07-20T10:14:00 IST" time="0.005" errors="0">
  <testcase name="mobile" time="0.005" classname="qaclickacademy.mavenjava.AppiumTest"/>
  <system-out/>
</testsuite> <!-- qaclickacademy.mavenjava.AppiumTest -->
