<?xml version="1.0" encoding="UTF-8"?>
<!-- Generated by org.testng.reporters.JUnitReportReporter -->
<testsuite skipped="0" hostname="LAPTOP-9U5GD5U2" name="qaclickacademy.mavenjava.SeleniumTest" tests="1" failures="0" timestamp="2020-07-20T10:13:45 IST" time="0.000" errors="0">
  <testcase name="SelAuto" time="0.000" classname="qaclickacademy.mavenjava.SeleniumTest"/>
  <system-out/>
</testsuite> <!-- qaclickacademy.mavenjava.SeleniumTest -->
